<?xml version="1.0" encoding="UTF-8"?>
<!-- Generated by org.testng.reporters.JUnitXMLReporter -->
<testsuite ignored="0" hostname="DESKTOP-564FQL3" failures="0" tests="5" name="Default test" time="29.062" errors="0" timestamp="2023-04-11T16:15:18 IST">
  <testcase classname="RB_Package.Data_Entry_TestNG_runner" name="test1" time="5.555"/>
  <testcase classname="RB_Package.Data_Entry_TestNG_runner" name="test2" time="6.329"/>
  <testcase classname="RB_Package.Data_Entry_TestNG_runner" name="test3" time="0.809"/>
  <testcase classname="RB_Package.Data_Entry_TestNG_runner" name="test4" time="5.125"/>
  <testcase classname="RB_Package.Data_Entry_TestNG_runner" name="test5" time="0.064"/>
</testsuite> <!-- Default test -->
