<?xml version="1.0" encoding="UTF-8"?>
<testng-results ignored="0" total="5" passed="5" failed="0" skipped="0">
  <reporter-output>
  </reporter-output>
  <suite started-at="2023-04-11T16:14:48 IST" name="Default suite" finished-at="2023-04-11T16:15:17 IST" duration-ms="29062">
    <groups>
    </groups>
    <test started-at="2023-04-11T16:14:48 IST" name="Default test" finished-at="2023-04-11T16:15:17 IST" duration-ms="29062">
      <class name="RB_Package.Data_Entry_TestNG_runner">
        <test-method is-config="true" signature="beforeclass()[pri:0, instance:RB_Package.Data_Entry_TestNG_runner@795cd85e]" started-at="2023-04-11T16:14:48 IST" name="beforeclass" finished-at="2023-04-11T16:14:58 IST" duration-ms="9700" status="PASS">
          <reporter-output>
          </reporter-output>
        </test-method> <!-- beforeclass -->
        <test-method is-config="true" signature="beforeMethod()[pri:0, instance:RB_Package.Data_Entry_TestNG_runner@795cd85e]" started-at="2023-04-11T16:14:58 IST" name="beforeMethod" finished-at="2023-04-11T16:14:58 IST" duration-ms="1" status="PASS">
          <reporter-output>
          </reporter-output>
        </test-method> <!-- beforeMethod -->
        <test-method signature="test1()[pri:0, instance:RB_Package.Data_Entry_TestNG_runner@795cd85e]" started-at="2023-04-11T16:14:58 IST" name="test1" finished-at="2023-04-11T16:15:04 IST" duration-ms="5555" status="PASS">
          <reporter-output>
          </reporter-output>
        </test-method> <!-- test1 -->
        <test-method is-config="true" signature="aftermethod(org.testng.ITestResult)[pri:0, instance:RB_Package.Data_Entry_TestNG_runner@795cd85e]" started-at="2023-04-11T16:15:04 IST" name="aftermethod" finished-at="2023-04-11T16:15:04 IST" duration-ms="1" status="PASS">
          <params>
            <param index="0">
              <value>
                <![CDATA[[TestResult name=test1 status=SUCCESS method=Data_Entry_TestNG_runner.test1()[pri:0, instance:RB_Package.Data_Entry_TestNG_runner@795cd85e] output={null}]]]>
              </value>
            </param>
          </params>
          <reporter-output>
          </reporter-output>
        </test-method> <!-- aftermethod -->
        <test-method is-config="true" signature="beforeMethod()[pri:0, instance:RB_Package.Data_Entry_TestNG_runner@795cd85e]" started-at="2023-04-11T16:15:04 IST" name="beforeMethod" finished-at="2023-04-11T16:15:04 IST" duration-ms="1" status="PASS">
          <reporter-output>
          </reporter-output>
        </test-method> <!-- beforeMethod -->
        <test-method signature="test2()[pri:1, instance:RB_Package.Data_Entry_TestNG_runner@795cd85e]" started-at="2023-04-11T16:15:04 IST" name="test2" finished-at="2023-04-11T16:15:10 IST" duration-ms="6329" status="PASS">
          <reporter-output>
          </reporter-output>
        </test-method> <!-- test2 -->
        <test-method is-config="true" signature="aftermethod(org.testng.ITestResult)[pri:0, instance:RB_Package.Data_Entry_TestNG_runner@795cd85e]" started-at="2023-04-11T16:15:10 IST" name="aftermethod" finished-at="2023-04-11T16:15:10 IST" duration-ms="1" status="PASS">
          <params>
            <param index="0">
              <value>
                <![CDATA[[TestResult name=test2 status=SUCCESS method=Data_Entry_TestNG_runner.test2()[pri:1, instance:RB_Package.Data_Entry_TestNG_runner@795cd85e] output={null}]]]>
              </value>
            </param>
          </params>
          <reporter-output>
          </reporter-output>
        </test-method> <!-- aftermethod -->
        <test-method is-config="true" signature="beforeMethod()[pri:0, instance:RB_Package.Data_Entry_TestNG_runner@795cd85e]" started-at="2023-04-11T16:15:10 IST" name="beforeMethod" finished-at="2023-04-11T16:15:10 IST" duration-ms="1" status="PASS">
          <reporter-output>
          </reporter-output>
        </test-method> <!-- beforeMethod -->
        <test-method signature="test3()[pri:2, instance:RB_Package.Data_Entry_TestNG_runner@795cd85e]" started-at="2023-04-11T16:15:10 IST" name="test3" finished-at="2023-04-11T16:15:11 IST" duration-ms="809" status="PASS">
          <reporter-output>
          </reporter-output>
        </test-method> <!-- test3 -->
        <test-method is-config="true" signature="aftermethod(org.testng.ITestResult)[pri:0, instance:RB_Package.Data_Entry_TestNG_runner@795cd85e]" started-at="2023-04-11T16:15:11 IST" name="aftermethod" finished-at="2023-04-11T16:15:11 IST" duration-ms="0" status="PASS">
          <params>
            <param index="0">
              <value>
                <![CDATA[[TestResult name=test3 status=SUCCESS method=Data_Entry_TestNG_runner.test3()[pri:2, instance:RB_Package.Data_Entry_TestNG_runner@795cd85e] output={null}]]]>
              </value>
            </param>
          </params>
          <reporter-output>
          </reporter-output>
        </test-method> <!-- aftermethod -->
        <test-method signature="test4()[pri:3, instance:RB_Package.Data_Entry_TestNG_runner@795cd85e]" started-at="2023-04-11T16:15:11 IST" name="test4" finished-at="2023-04-11T16:15:16 IST" duration-ms="5125" status="PASS">
          <reporter-output>
          </reporter-output>
        </test-method> <!-- test4 -->
        <test-method is-config="true" signature="beforeMethod()[pri:0, instance:RB_Package.Data_Entry_TestNG_runner@795cd85e]" started-at="2023-04-11T16:15:11 IST" name="beforeMethod" finished-at="2023-04-11T16:15:11 IST" duration-ms="0" status="PASS">
          <reporter-output>
          </reporter-output>
        </test-method> <!-- beforeMethod -->
        <test-method is-config="true" signature="aftermethod(org.testng.ITestResult)[pri:0, instance:RB_Package.Data_Entry_TestNG_runner@795cd85e]" started-at="2023-04-11T16:15:16 IST" name="aftermethod" finished-at="2023-04-11T16:15:16 IST" duration-ms="0" status="PASS">
          <params>
            <param index="0">
              <value>
                <![CDATA[[TestResult name=test4 status=SUCCESS method=Data_Entry_TestNG_runner.test4()[pri:3, instance:RB_Package.Data_Entry_TestNG_runner@795cd85e] output={null}]]]>
              </value>
            </param>
          </params>
          <reporter-output>
          </reporter-output>
        </test-method> <!-- aftermethod -->
        <test-method is-config="true" signature="beforeMethod()[pri:0, instance:RB_Package.Data_Entry_TestNG_runner@795cd85e]" started-at="2023-04-11T16:15:16 IST" name="beforeMethod" finished-at="2023-04-11T16:15:16 IST" duration-ms="1" status="PASS">
          <reporter-output>
          </reporter-output>
        </test-method> <!-- beforeMethod -->
        <test-method signature="test5()[pri:4, instance:RB_Package.Data_Entry_TestNG_runner@795cd85e]" started-at="2023-04-11T16:15:16 IST" name="test5" finished-at="2023-04-11T16:15:16 IST" duration-ms="64" status="PASS">
          <reporter-output>
          </reporter-output>
        </test-method> <!-- test5 -->
        <test-method is-config="true" signature="aftermethod(org.testng.ITestResult)[pri:0, instance:RB_Package.Data_Entry_TestNG_runner@795cd85e]" started-at="2023-04-11T16:15:16 IST" name="aftermethod" finished-at="2023-04-11T16:15:16 IST" duration-ms="1" status="PASS">
          <params>
            <param index="0">
              <value>
                <![CDATA[[TestResult name=test5 status=SUCCESS method=Data_Entry_TestNG_runner.test5()[pri:4, instance:RB_Package.Data_Entry_TestNG_runner@795cd85e] output={null}]]]>
              </value>
            </param>
          </params>
          <reporter-output>
          </reporter-output>
        </test-method> <!-- aftermethod -->
        <test-method is-config="true" signature="afterclass()[pri:0, instance:RB_Package.Data_Entry_TestNG_runner@795cd85e]" started-at="2023-04-11T16:15:16 IST" name="afterclass" finished-at="2023-04-11T16:15:17 IST" duration-ms="1407" status="PASS">
          <reporter-output>
          </reporter-output>
        </test-method> <!-- afterclass -->
      </class> <!-- RB_Package.Data_Entry_TestNG_runner -->
    </test> <!-- Default test -->
  </suite> <!-- Default suite -->
</testng-results>
