<?xml version="1.0" encoding="UTF-8"?>
<testng-results ignored="0" total="2" passed="2" failed="0" skipped="0">
  <reporter-output>
  </reporter-output>
  <suite started-at="2023-04-11T14:21:59 IST" name="Suite" finished-at="2023-04-11T14:22:27 IST" duration-ms="27982">
    <groups>
    </groups>
    <test started-at="2023-04-11T14:21:59 IST" name="Test" finished-at="2023-04-11T14:22:27 IST" duration-ms="27982">
      <class name="Meesho_TestNG_Runner.Meesho_Shopping_Runner">
        <test-method is-config="true" signature="beforetest(java.lang.String)[pri:0, instance:Meesho_TestNG_Runner.Meesho_Shopping_Runner@6e171cd7]" started-at="2023-04-11T14:21:59 IST" name="beforetest" finished-at="2023-04-11T14:22:03 IST" duration-ms="3863" status="PASS">
          <params>
            <param index="0">
              <value>
                <![CDATA[Chrome]]>
              </value>
            </param>
          </params>
          <reporter-output>
          </reporter-output>
        </test-method> <!-- beforetest -->
        <test-method is-config="true" signature="beforeclass()[pri:0, instance:Meesho_TestNG_Runner.Meesho_Shopping_Runner@6e171cd7]" started-at="2023-04-11T14:22:03 IST" name="beforeclass" finished-at="2023-04-11T14:22:09 IST" duration-ms="5591" status="PASS">
          <reporter-output>
          </reporter-output>
        </test-method> <!-- beforeclass -->
        <test-method is-config="true" signature="beforeMethod()[pri:0, instance:Meesho_TestNG_Runner.Meesho_Shopping_Runner@6e171cd7]" started-at="2023-04-11T14:22:09 IST" name="beforeMethod" finished-at="2023-04-11T14:22:09 IST" duration-ms="0" status="PASS">
          <reporter-output>
          </reporter-output>
        </test-method> <!-- beforeMethod -->
        <test-method signature="test1()[pri:0, instance:Meesho_TestNG_Runner.Meesho_Shopping_Runner@6e171cd7]" started-at="2023-04-11T14:22:09 IST" name="test1" finished-at="2023-04-11T14:22:25 IST" duration-ms="16158" status="PASS">
          <reporter-output>
          </reporter-output>
        </test-method> <!-- test1 -->
        <test-method is-config="true" signature="aftermethod(org.testng.ITestResult)[pri:0, instance:Meesho_TestNG_Runner.Meesho_Shopping_Runner@6e171cd7]" started-at="2023-04-11T14:22:25 IST" name="aftermethod" finished-at="2023-04-11T14:22:25 IST" duration-ms="1" status="PASS">
          <params>
            <param index="0">
              <value>
                <![CDATA[[TestResult name=test1 status=SUCCESS method=Meesho_Shopping_Runner.test1()[pri:0, instance:Meesho_TestNG_Runner.Meesho_Shopping_Runner@6e171cd7] output={null}]]]>
              </value>
            </param>
          </params>
          <reporter-output>
          </reporter-output>
        </test-method> <!-- aftermethod -->
        <test-method is-config="true" signature="beforeMethod()[pri:0, instance:Meesho_TestNG_Runner.Meesho_Shopping_Runner@6e171cd7]" started-at="2023-04-11T14:22:25 IST" name="beforeMethod" finished-at="2023-04-11T14:22:25 IST" duration-ms="0" status="PASS">
          <reporter-output>
          </reporter-output>
        </test-method> <!-- beforeMethod -->
        <test-method signature="test2()[pri:1, instance:Meesho_TestNG_Runner.Meesho_Shopping_Runner@6e171cd7]" started-at="2023-04-11T14:22:25 IST" name="test2" finished-at="2023-04-11T14:22:26 IST" duration-ms="1374" status="PASS">
          <reporter-output>
          </reporter-output>
        </test-method> <!-- test2 -->
        <test-method is-config="true" signature="aftermethod(org.testng.ITestResult)[pri:0, instance:Meesho_TestNG_Runner.Meesho_Shopping_Runner@6e171cd7]" started-at="2023-04-11T14:22:26 IST" name="aftermethod" finished-at="2023-04-11T14:22:26 IST" duration-ms="0" status="PASS">
          <params>
            <param index="0">
              <value>
                <![CDATA[[TestResult name=test2 status=SUCCESS method=Meesho_Shopping_Runner.test2()[pri:1, instance:Meesho_TestNG_Runner.Meesho_Shopping_Runner@6e171cd7] output={null}]]]>
              </value>
            </param>
          </params>
          <reporter-output>
          </reporter-output>
        </test-method> <!-- aftermethod -->
        <test-method is-config="true" signature="afterclass()[pri:0, instance:Meesho_TestNG_Runner.Meesho_Shopping_Runner@6e171cd7]" started-at="2023-04-11T14:22:26 IST" name="afterclass" finished-at="2023-04-11T14:22:26 IST" duration-ms="1" status="PASS">
          <reporter-output>
          </reporter-output>
        </test-method> <!-- afterclass -->
        <test-method is-config="true" signature="aftertest()[pri:0, instance:Meesho_TestNG_Runner.Meesho_Shopping_Runner@6e171cd7]" started-at="2023-04-11T14:22:26 IST" name="aftertest" finished-at="2023-04-11T14:22:27 IST" duration-ms="887" status="PASS">
          <reporter-output>
          </reporter-output>
        </test-method> <!-- aftertest -->
      </class> <!-- Meesho_TestNG_Runner.Meesho_Shopping_Runner -->
    </test> <!-- Test -->
  </suite> <!-- Suite -->
</testng-results>
