<?xml version="1.0" encoding="UTF-8"?>
<!-- Generated by org.testng.reporters.JUnitXMLReporter -->
<testsuite ignored="0" hostname="DESKTOP-564FQL3" failures="1" tests="4" name="Test" time="36.794" errors="0" timestamp="2023-04-11T15:45:09 IST">
  <testcase classname="Meesho_TestNG_Runner.Meesho_Shopping_Runner" name="@AfterMethod aftermethod" time="0.275">
    <failure type="java.io.FileNotFoundException" message="test-output\Screenshots\Rutu- 11-04-2023 15.45.08.jpeg (The system cannot find the path specified)">
      <![CDATA[java.io.FileNotFoundException: test-output\Screenshots\Rutu- 11-04-2023 15.45.08.jpeg (The system cannot find the path specified)
at java.base/java.io.FileOutputStream.open0(Native Method)
at java.base/java.io.FileOutputStream.open(FileOutputStream.java:293)
at java.base/java.io.FileOutputStream.<init>(FileOutputStream.java:235)
at java.base/java.io.FileOutputStream.<init>(FileOutputStream.java:184)
at org.openqa.selenium.io.FileHandler.copyFile(FileHandler.java:138)
at org.openqa.selenium.io.FileHandler.copy(FileHandler.java:117)
at Utility_Classes.Util1.screenshot(Util1.java:28)
at Meesho_TestNG_Runner.Meesho_Shopping_Runner.aftermethod(Meesho_Shopping_Runner.java:88)
at java.base/java.util.concurrent.ThreadPoolExecutor.runWorker(ThreadPoolExecutor.java:1136)
at java.base/java.util.concurrent.ThreadPoolExecutor$Worker.run(ThreadPoolExecutor.java:635)
at java.base/java.lang.Thread.run(Thread.java:833)
... Removed 15 stack frames]]>
    </failure>
  </testcase> <!-- @AfterMethod aftermethod -->
  <testcase classname="Meesho_TestNG_Runner.Meesho_Shopping_Runner" name="@BeforeMethod beforeMethod" time="0.0">
    <skipped/>
  </testcase> <!-- @BeforeMethod beforeMethod -->
  <testcase classname="Meesho_TestNG_Runner.Meesho_Shopping_Runner" name="@AfterMethod aftermethod" time="0.0">
    <skipped/>
  </testcase> <!-- @AfterMethod aftermethod -->
  <testcase classname="Meesho_TestNG_Runner.Meesho_Shopping_Runner" name="@AfterClass afterclass" time="0.0">
    <skipped/>
  </testcase> <!-- @AfterClass afterclass -->
  <testcase classname="Meesho_TestNG_Runner.Meesho_Shopping_Runner" name="@AfterTest aftertest" time="0.0">
    <skipped/>
  </testcase> <!-- @AfterTest aftertest -->
  <testcase classname="Meesho_TestNG_Runner.Meesho_Sign_Up_Runner" name="@AfterTest aftertest" time="0.0">
    <skipped/>
  </testcase> <!-- @AfterTest aftertest -->
  <testcase classname="Meesho_TestNG_Runner.Meesho_Sign_Up_Runner" name="test1" time="11.038"/>
  <testcase classname="Meesho_TestNG_Runner.Meesho_Sign_Up_Runner" name="test2" time="0.143"/>
  <testcase classname="Meesho_TestNG_Runner.Meesho_Shopping_Runner" name="test1" time="16.828">
    <failure type="java.io.FileNotFoundException" message="test-output\Screenshots\Meesho_Shopping- 11-04-2023 15.45.08.jpeg (The system cannot find the path specified)">
      <![CDATA[java.io.FileNotFoundException: test-output\Screenshots\Meesho_Shopping- 11-04-2023 15.45.08.jpeg (The system cannot find the path specified)
at java.base/java.io.FileOutputStream.open0(Native Method)
at java.base/java.io.FileOutputStream.open(FileOutputStream.java:293)
at java.base/java.io.FileOutputStream.<init>(FileOutputStream.java:235)
at java.base/java.io.FileOutputStream.<init>(FileOutputStream.java:184)
at org.openqa.selenium.io.FileHandler.copyFile(FileHandler.java:138)
at org.openqa.selenium.io.FileHandler.copy(FileHandler.java:117)
at Utility_Classes.Util1.screenshot(Util1.java:28)
at Meesho_TestNG_Runner.Meesho_Shopping_Runner.test1(Meesho_Shopping_Runner.java:71)
at java.base/java.util.concurrent.ThreadPoolExecutor.runWorker(ThreadPoolExecutor.java:1136)
at java.base/java.util.concurrent.ThreadPoolExecutor$Worker.run(ThreadPoolExecutor.java:635)
at java.base/java.lang.Thread.run(Thread.java:833)
... Removed 10 stack frames]]>
    </failure>
  </testcase> <!-- test1 -->
  <testcase classname="Meesho_TestNG_Runner.Meesho_Shopping_Runner" name="test2" time="0.0">
    <skipped/>
  </testcase> <!-- test2 -->
</testsuite> <!-- Test -->
