<?xml version="1.0" encoding="UTF-8"?>
<!-- Generated by org.testng.reporters.JUnitXMLReporter -->
<testsuite ignored="0" hostname="DESKTOP-564FQL3" failures="0" tests="4" name="ChromeTest" time="41.524" errors="0" timestamp="2023-03-29T17:26:49 IST">
  <testcase classname="TestNG_TestSuit.TestClass1" name="test1" time="0.188"/>
  <testcase classname="TestNG_TestSuit.TestClass1" name="test2" time="0.152"/>
  <testcase classname="TestNG_TestSuit.TestClass2" name="test1" time="0.014"/>
  <testcase classname="TestNG_TestSuit.TestClass2" name="test2" time="0.011"/>
</testsuite> <!-- ChromeTest -->
