<?xml version="1.0" encoding="UTF-8"?>
<!-- Generated by org.testng.reporters.JUnitXMLReporter -->
<testsuite ignored="0" hostname="DESKTOP-564FQL3" failures="0" tests="4" name="EdgeTest" time="41.638" errors="0" timestamp="2023-03-29T17:26:49 IST">
  <testcase classname="TestNG_TestSuit.TestClass2" name="test1" time="0.025"/>
  <testcase classname="TestNG_TestSuit.TestClass2" name="test2" time="0.023"/>
  <testcase classname="TestNG_TestSuit.TestClass1" name="test1" time="0.072"/>
  <testcase classname="TestNG_TestSuit.TestClass1" name="test2" time="0.035"/>
</testsuite> <!-- EdgeTest -->
