<?xml version="1.0" encoding="UTF-8"?>
<!-- Generated by org.testng.reporters.JUnitXMLReporter -->
<testsuite ignored="1" hostname="DESKTOP-564FQL3" failures="0" tests="4" name="Test1" time="0.107" errors="0" timestamp="2023-03-28T14:39:51 IST">
  <testcase classname="TestNG_TestSuit.TestClass1" name="test1" time="0.014"/>
  <testcase classname="TestNG_TestSuit.TestClass1" name="test2" time="0.001"/>
  <testcase classname="TestNG_TestSuit.TestClass2" name="test3" time="0.003"/>
  <testcase classname="TestNG_TestSuit.TestClass2" name="test4" time="0.003"/>
  <testcase classname="TestNG_TestSuit.TestClass2" name="test5" time="0.0">
    <ignored/>
  </testcase> <!-- test5 -->
</testsuite> <!-- Test1 -->
